0 info it worked if it ends with ok
1 verbose cli [ 'C:\\Program Files\\nodejs\\node.exe',
1 verbose cli   'C:\\Users\\Juan\\AppData\\Roaming\\npm\\node_modules\\npm\\bin\\npm-cli.js',
1 verbose cli   'run',
1 verbose cli   'dev' ]
2 info using npm@4.0.5
3 info using node@v6.9.1
4 verbose run-script [ 'predev', 'dev', 'postdev' ]
5 info lifecycle metabuscador@0.0.1~predev: metabuscador@0.0.1
6 silly lifecycle metabuscador@0.0.1~predev: no script for predev, continuing
7 info lifecycle metabuscador@0.0.1~dev: metabuscador@0.0.1
8 verbose lifecycle metabuscador@0.0.1~dev: unsafe-perm in lifecycle true
9 verbose lifecycle metabuscador@0.0.1~dev: PATH: C:\Users\Juan\AppData\Roaming\npm\node_modules\npm\bin\node-gyp-bin;C:\Users\Juan\Documents\metabuscador\node_modules\.bin;C:\Python27\;C:\Python27\Scripts;C:\ProgramData\Oracle\Java\javapath;C:\Program Files (x86)\Intel\iCLS Client\;C:\Program Files\Intel\iCLS Client\;C:\Windows\system32;C:\Windows;C:\Windows\System32\Wbem;C:\Windows\System32\WindowsPowerShell\v1.0\;C:\Program Files\Intel\Intel(R) Management Engine Components\DAL;C:\Program Files\Intel\Intel(R) Management Engine Components\IPT;C:\Program Files (x86)\Intel\Intel(R) Management Engine Components\DAL;C:\Program Files (x86)\Intel\Intel(R) Management Engine Components\IPT;C:\Program Files\Intel\WiFi\bin\;C:\Program Files\Common Files\Intel\WirelessCommon\;C:\Program Files (x86)\MiKTeX 2.9\miktex\bin\;C:\Program Files (x86)\NVIDIA Corporation\PhysX\Common;C:\Program Files (x86)\Skype\Phone\;C:\Program Files\Git\cmd;C:\Program Files (x86)\Heroku\bin;C:\Program Files (x86)\git\cmd;C:\Program Files (x86)\Git\cmd;C:\Program Files\nodejs\;C:\ProgramData\chocolatey\bin;C:\Users\Juan\AppData\Local\Android\sdk\platform-tools;C:\Users\Juan\AppData\Local\Android\sdk\tools;C:\Users\Juan\AppData\Local\Android\sdk;C:\Program Files\Intel\WiFi\bin\;C:\Program Files\Common Files\Intel\WirelessCommon\;C:\Program Files (x86)\FreeArc\bin;C:\MinGW\bin;C:\MinGW\msys\1.0\bin;C:\Users\Juan\AppData\Local\atom\bin;C:\Users\Juan;C:\Users\Juan\AppData\Roaming\npm;C:\Ruby23\bin;C:\Ruby23-x64\bin;C:\RubyDevKit\bin
10 verbose lifecycle metabuscador@0.0.1~dev: CWD: C:\Users\Juan\Documents\metabuscador
11 silly lifecycle metabuscador@0.0.1~dev: Args: [ '/d /s /c',
11 silly lifecycle   'webpack-dev-server --content-base src --inline --hot' ]
12 silly lifecycle metabuscador@0.0.1~dev: Returned: code: 3221225786  signal: null
13 info lifecycle metabuscador@0.0.1~dev: Failed to exec dev script
14 verbose stack Error: metabuscador@0.0.1 dev: `webpack-dev-server --content-base src --inline --hot`
14 verbose stack Exit status 3221225786
14 verbose stack     at EventEmitter.<anonymous> (C:\Users\Juan\AppData\Roaming\npm\node_modules\npm\lib\utils\lifecycle.js:279:16)
14 verbose stack     at emitTwo (events.js:106:13)
14 verbose stack     at EventEmitter.emit (events.js:191:7)
14 verbose stack     at ChildProcess.<anonymous> (C:\Users\Juan\AppData\Roaming\npm\node_modules\npm\lib\utils\spawn.js:40:14)
14 verbose stack     at emitTwo (events.js:106:13)
14 verbose stack     at ChildProcess.emit (events.js:191:7)
14 verbose stack     at maybeClose (internal/child_process.js:877:16)
14 verbose stack     at Process.ChildProcess._handle.onexit (internal/child_process.js:226:5)
15 verbose pkgid metabuscador@0.0.1
16 verbose cwd C:\Users\Juan\Documents\metabuscador
17 error Windows_NT 6.3.9600
18 error argv "C:\\Program Files\\nodejs\\node.exe" "C:\\Users\\Juan\\AppData\\Roaming\\npm\\node_modules\\npm\\bin\\npm-cli.js" "run" "dev"
19 error node v6.9.1
20 error npm  v4.0.5
21 error code ELIFECYCLE
22 error metabuscador@0.0.1 dev: `webpack-dev-server --content-base src --inline --hot`
22 error Exit status 3221225786
23 error Failed at the metabuscador@0.0.1 dev script 'webpack-dev-server --content-base src --inline --hot'.
23 error Make sure you have the latest version of node.js and npm installed.
23 error If you do, this is most likely a problem with the metabuscador package,
23 error not with npm itself.
23 error Tell the author that this fails on your system:
23 error     webpack-dev-server --content-base src --inline --hot
23 error You can get information on how to open an issue for this project with:
23 error     npm bugs metabuscador
23 error Or if that isn't available, you can get their info via:
23 error     npm owner ls metabuscador
23 error There is likely additional logging output above.
24 verbose exit [ 1, true ]
